  lodepng.cpp
C:\Users\admin\source\repos\chess3d\lodepng.cpp(762,34): warning C4334: '<<': result of 32-bit shift implicitly converted to 64 bits (was 64-bit shift intended?)
C:\Users\admin\source\repos\chess3d\lodepng.cpp(1422,29): warning C4267: '=': conversion from 'size_t' to 'int', possible loss of data
C:\Users\admin\source\repos\chess3d\lodepng.cpp(1426,31): warning C4267: '=': conversion from 'size_t' to 'int', possible loss of data
C:\Users\admin\source\repos\chess3d\lodepng.cpp(1498,86): warning C4267: '=': conversion from 'size_t' to 'unsigned int', possible loss of data
C:\Users\admin\source\repos\chess3d\lodepng.cpp(3441,46): warning C4334: '<<': result of 32-bit shift implicitly converted to 64 bits (was 64-bit shift intended?)
C:\Users\admin\source\repos\chess3d\lodepng.cpp(3455,54): warning C4267: 'argument': conversion from 'size_t' to 'unsigned int', possible loss of data
C:\Users\admin\source\repos\chess3d\lodepng.cpp(4262,75): warning C4267: '=': conversion from 'size_t' to 'unsigned int', possible loss of data
C:\Users\admin\source\repos\chess3d\lodepng.cpp(4310,41): warning C4267: '=': conversion from 'size_t' to 'unsigned int', possible loss of data
C:\Users\admin\source\repos\chess3d\lodepng.cpp(4390,59): warning C4267: '=': conversion from 'size_t' to 'unsigned int', possible loss of data
C:\Users\admin\source\repos\chess3d\lodepng.cpp(5329,38): warning C4267: 'initializing': conversion from 'size_t' to 'unsigned int', possible loss of data
  main_file.cpp
C:\Users\admin\source\repos\chess3d\main_file.cpp(244,22): warning C4244: '+=': conversion from 'double' to 'float', possible loss of data
C:\Users\admin\source\repos\chess3d\main_file.cpp(245,22): warning C4244: '+=': conversion from 'double' to 'float', possible loss of data
  Mesh.cpp
C:\Users\admin\source\repos\chess3d\Mesh.cpp(6,37): warning C4267: '=': conversion from 'size_t' to 'int', possible loss of data
C:\Users\admin\source\repos\chess3d\Mesh.cpp(23,37): warning C4267: '=': conversion from 'size_t' to 'int', possible loss of data
  Model.cpp
  shaderprogram.cpp
C:\Users\admin\source\repos\chess3d\shaderprogram.cpp(38,48): warning C4267: 'initializing': conversion from 'size_t' to 'int', possible loss of data
  Generating Code...
glew32s.lib(glew.obj) : warning LNK4099: PDB 'vc120.pdb' was not found with 'glew32s.lib(glew.obj)' or at 'C:\Users\admin\Source\Repos\chess3d\x64\Debug\vc120.pdb'; linking object as if no debug info
  gkiw_st_10_win.vcxproj -> C:\Users\admin\Source\Repos\chess3d\x64\Debug\gkiw_st_10_win.exe
